[debug] [2021-10-18T02:46:13.356Z] ----------------------------------------------------------------------
[debug] [2021-10-18T02:46:13.358Z] Command:       C:\Program Files\nodejs\node.exe C:\Users\Rafi\AppData\Roaming\npm\node_modules\firebase-tools\lib\bin\firebase.js init
[debug] [2021-10-18T02:46:13.359Z] CLI Version:   9.20.0
[debug] [2021-10-18T02:46:13.359Z] Platform:      win32
[debug] [2021-10-18T02:46:13.359Z] Node Version:  v14.17.1
[debug] [2021-10-18T02:46:13.360Z] Time:          Mon Oct 18 2021 08:46:13 GMT+0600 (Bangladesh Standard Time)
[debug] [2021-10-18T02:46:13.360Z] ----------------------------------------------------------------------
[debug] 
[debug] [2021-10-18T02:46:13.419Z] > command requires scopes: ["email","openid","https://www.googleapis.com/auth/cloudplatformprojects.readonly","https://www.googleapis.com/auth/firebase","https://www.googleapis.com/auth/cloud-platform"]
[debug] [2021-10-18T02:46:13.419Z] > authorizing via signed-in user (rafirahman265@gmail.com)
[info] 
     ######## #### ########  ######## ########     ###     ######  ########
     ##        ##  ##     ## ##       ##     ##  ##   ##  ##       ##
     ######    ##  ########  ######   ########  #########  ######  ######
     ##        ##  ##    ##  ##       ##     ## ##     ##       ## ##
     ##       #### ##     ## ######## ########  ##     ##  ######  ########

You're about to initialize a Firebase project in this directory:

  C:\projects\health-care-website-react

Before we get started, keep in mind:

  * You are currently outside your home directory
  * You are initializing within an existing Firebase project directory

